Log file open, 04/12/18 16:27:37
LogInit:Display: Running engine for game: FSM
LogPlatformFile: Not using cached read wrapper
LogInit:Display: RandInit(-480291619) SRandInit(-480291619).
LogTaskGraph: Started task graph with 5 named threads and 8 total threads with 1 sets of task threads.
LogStats: Stats thread started at 0.150636
LogInit: Using libcurl 7.47.1
LogInit:  - built for x86_64-pc-win32
LogInit:  - supports SSL with OpenSSL/1.0.2g
LogInit:  - supports HTTP deflate (compression) using libz 1.2.8
LogInit:  - other features:
LogInit:      CURL_VERSION_SSL
LogInit:      CURL_VERSION_LIBZ
LogInit:      CURL_VERSION_IPV6
LogInit:      CURL_VERSION_ASYNCHDNS
LogInit:      CURL_VERSION_LARGEFILE
LogInit:      CURL_VERSION_IDN
LogInit:  CurlRequestOptions (configurable via config and command line):
LogInit:  - bVerifyPeer = false  - Libcurl will NOT verify peer certificate
LogInit:  - bUseHttpProxy = false  - Libcurl will NOT use HTTP proxy
LogInit:  - bDontReuseConnections = false  - Libcurl will reuse connections
LogInit:  - CertBundlePath = nullptr  - Libcurl will use whatever was configured at build time.
LogInit: Build: ++UE4+Release-4.16-CL-3561208
LogInit: Engine Version: 4.16.3-3561208+++UE4+Release-4.16
LogInit: Compatible Engine Version: 4.16.0-3452394+++UE4+Release-4.16
LogInit: Net CL: 3452394
LogDevObjectVersion: Number of dev versions registered: 16
LogDevObjectVersion:   Dev-Blueprints (B0D832E4-1F89-4F0D-ACCF-7EB736FD4AA2): 9
LogDevObjectVersion:   Dev-Build (E1C64328-A22C-4D53-A36C-8E866417BD8C): 0
LogDevObjectVersion:   Dev-Core (375EC13C-06E4-48FB-B500-84F0262A717E): 2
LogDevObjectVersion:   Dev-Editor (E4B068ED-F494-42E9-A231-DA0B2E46BB41): 17
LogDevObjectVersion:   Dev-Framework (CFFC743F-43B0-4480-9391-14DF171D2073): 23
LogDevObjectVersion:   Dev-Mobile (B02B49B5-BB20-44E9-A304-32B752E40360): 0
LogDevObjectVersion:   Dev-Networking (A4E4105C-59A1-49B5-A7C5-40C4547EDFEE): 0
LogDevObjectVersion:   Dev-Online (39C831C9-5AE6-47DC-9A44-9C173E1C8E7C): 0
LogDevObjectVersion:   Dev-Physics (78F01B33-EBEA-4F98-B9B4-84EACCB95AA2): 0
LogDevObjectVersion:   Dev-Platform (6631380F-2D4D-43E0-8009-CF276956A95A): 0
LogDevObjectVersion:   Dev-Rendering (12F88B9F-8875-4AFC-A67C-D90C383ABD29): 15
LogDevObjectVersion:   Dev-Sequencer (7B5AE74C-D270-4C10-A958-57980B212A5A): 4
LogDevObjectVersion:   Dev-VR (D7296918-1DD6-4BDD-9DE2-64A83CC13884): 0
LogDevObjectVersion:   Dev-LoadTimes (C2A15278-BFE7-4AFE-6C17-90FF531DF755): 1
LogDevObjectVersion:   Private-Geometry (6EACA3D4-40EC-4CC1-B786-8BED09428FC5): 1
LogDevObjectVersion:   Dev-AnimPhys (29E575DD-E0A3-4627-9D10-D276232CDCEA): 3
LogInit: Compiled (64-bit): Jul 28 2017 11:49:47
LogInit: Compiled with Visual C++: 19.00.24215.01
LogInit: Build Configuration: Development
LogInit: Branch Name: ++UE4+Release-4.16
LogInit: Command line:  
LogInit: Base directory: D:/Unreal/UE_4.16/Engine/Binaries/Win64/
LogInit: Installed Engine Build: 1
LogInit: Presizing for max 8388607 objects, including 0 objects not considered by GC, pre-allocating 0 bytes for permanent pool.
LogInit: Object subsystem initialized
[2018.04.12-15.27.38:453][  0]LogInit: Selected Device Profile: [Windows]
[2018.04.12-15.27.38:453][  0]LogInit: Applying CVar settings loaded from the selected device profile: [Windows]
[2018.04.12-15.27.38:629][  0]LogInit: Computer: MSI
[2018.04.12-15.27.38:629][  0]LogInit: User: tomje
[2018.04.12-15.27.38:629][  0]LogInit: CPU Page size=4096, Cores=4
[2018.04.12-15.27.38:629][  0]LogInit: High frequency timer resolution =2.531253 MHz
[2018.04.12-15.27.38:630][  0]LogMemory: Memory total: Physical=15.9GB (16GB approx)
[2018.04.12-15.27.38:630][  0]LogMemory: Platform Memory Stats for Windows
[2018.04.12-15.27.38:630][  0]LogMemory: Process Physical Memory: 273.73 MB used, 273.73 MB peak
[2018.04.12-15.27.38:630][  0]LogMemory: Process Virtual Memory: 267.00 MB used, 267.00 MB peak
[2018.04.12-15.27.38:630][  0]LogMemory: Physical Memory: 11988.11 MB used,  4306.60 MB free, 16294.71 MB total
[2018.04.12-15.27.38:630][  0]LogMemory: Virtual Memory: 682.27 MB used,  4306.60 MB free, 134217728.00 MB total
[2018.04.12-15.27.39:716][  0]LogInit: Using OS detected language (en-US).
[2018.04.12-15.27.39:716][  0]LogInit: Using OS detected locale (en-GB).
[2018.04.12-15.27.39:726][  0]LogTextLocalizationManager: No specific localization for 'en-US' exists, so the 'en' localization will be used.
[2018.04.12-15.27.42:333][  0]LogD3D11RHI: D3D11 adapters:
[2018.04.12-15.27.42:415][  0]LogD3D11RHI:    0. 'NVIDIA GeForce GTX 970M' (Feature Level 11_0)
[2018.04.12-15.27.42:415][  0]LogD3D11RHI:       3040/0/8147 MB DedicatedVideo/DedicatedSystem/SharedSystem, Outputs:1, VendorId:0x10de
[2018.04.12-15.27.42:652][  0]LogD3D11RHI:    1. 'Intel(R) HD Graphics 530' (Feature Level 11_0)
[2018.04.12-15.27.42:652][  0]LogD3D11RHI:       128/0/8147 MB DedicatedVideo/DedicatedSystem/SharedSystem, Outputs:0, VendorId:0x8086
[2018.04.12-15.27.42:657][  0]LogD3D11RHI:    2. 'Microsoft Basic Render Driver' (Feature Level 11_0)
[2018.04.12-15.27.42:657][  0]LogD3D11RHI:       0/0/8147 MB DedicatedVideo/DedicatedSystem/SharedSystem, Outputs:0, VendorId:0x1414
[2018.04.12-15.27.42:657][  0]LogD3D11RHI: Chosen D3D11 Adapter: 0
[2018.04.12-15.27.42:675][  0]LogD3D11RHI: Creating new Direct3DDevice
[2018.04.12-15.27.42:675][  0]LogD3D11RHI:     GPU DeviceId: 0x13d8 (for the marketing name, search the web for "GPU Device Id")
[2018.04.12-15.27.42:675][  0]LogWindows: EnumDisplayDevices:
[2018.04.12-15.27.42:675][  0]LogWindows:    0. 'Intel(R) HD Graphics 530' (P:1 D:1)
[2018.04.12-15.27.42:676][  0]LogWindows:    1. 'Intel(R) HD Graphics 530' (P:0 D:0)
[2018.04.12-15.27.42:676][  0]LogWindows:    2. 'Intel(R) HD Graphics 530' (P:0 D:0)
[2018.04.12-15.27.42:676][  0]LogWindows: DebugString: GetVideoDriverDetailsInvalid PrimaryIsNotTheChoosenAdapter GetVideoDriverDetailsInvalid PrimaryIsNotTheChoosenAdapter GetVideoDriverDetailsInvalid PrimaryIsNotTheChoosenAdapter FoundDriverCount:0 
[2018.04.12-15.27.42:676][  0]LogD3D11RHI:     Adapter Name: NVIDIA GeForce GTX 970M
[2018.04.12-15.27.42:676][  0]LogD3D11RHI:   Driver Version: Unknown (internal:Unknown, unified:Unknown)
[2018.04.12-15.27.42:676][  0]LogD3D11RHI:      Driver Date: Unknown
[2018.04.12-15.27.42:676][  0]LogRHI: Texture pool is 1361 MB (70% of 1945 MB)
[2018.04.12-15.27.42:720][  0]LogD3D11RHI: Async texture creation enabled
[2018.04.12-15.27.42:737][  0]LogD3D11RHI: GPU Timing Frequency: 1000.000000 (Debug: 2 1)
[2018.04.12-15.27.42:738][  0]LogShaderCompilers: Guid format shader working directory is 34 characters bigger than the processId version (G:/Sem2/FSM/Intermediate/Shaders/WorkingDirectory/23728/).
[2018.04.12-15.27.42:738][  0]LogShaderCompilers: Cleaned the shader compiler working directory 'C:/Users/tomje/AppData/Local/Temp/UnrealShaderWorkingDir/0FA22C604C7EB33C5507BB84F677A3E8/'.
[2018.04.12-15.27.42:739][  0]LogShaderCompilers:Display: Using Local Shader Compiler.
[2018.04.12-15.27.45:182][  0]LogTemp:Display: Loaded TP AllDesktopTargetPlatform
[2018.04.12-15.27.45:290][  0]LogTemp:Display: Loaded TP MacClientTargetPlatform
[2018.04.12-15.27.45:391][  0]LogTemp:Display: Loaded TP MacNoEditorTargetPlatform
[2018.04.12-15.27.45:494][  0]LogTemp:Display: Loaded TP MacServerTargetPlatform
[2018.04.12-15.27.45:594][  0]LogTemp:Display: Loaded TP MacTargetPlatform
[2018.04.12-15.27.45:702][  0]LogTemp:Display: Loaded TP WindowsClientTargetPlatform
[2018.04.12-15.27.45:800][  0]LogTemp:Display: Loaded TP WindowsNoEditorTargetPlatform
[2018.04.12-15.27.45:918][  0]LogTemp:Display: Loaded TP WindowsServerTargetPlatform
[2018.04.12-15.27.46:024][  0]LogTemp:Display: Loaded TP WindowsTargetPlatform
[2018.04.12-15.27.46:169][  0]LogTemp:Display: Loaded TP AndroidTargetPlatform
[2018.04.12-15.27.46:282][  0]LogTemp:Display: Loaded TP Android_ASTCTargetPlatform
[2018.04.12-15.27.46:387][  0]LogTemp:Display: Loaded TP Android_ATCTargetPlatform
[2018.04.12-15.27.46:487][  0]LogTemp:Display: Loaded TP Android_DXTTargetPlatform
[2018.04.12-15.27.46:590][  0]LogTemp:Display: Loaded TP Android_ETC1TargetPlatform
[2018.04.12-15.27.46:700][  0]LogTemp:Display: Loaded TP Android_ETC2TargetPlatform
[2018.04.12-15.27.46:935][  0]LogTemp:Display: Loaded TP Android_MultiTargetPlatform
[2018.04.12-15.27.46:935][  0]LogTemp:Display: Loaded TP Android_PVRTCTargetPlatform
[2018.04.12-15.27.47:015][  0]LogTemp:Display: Loaded TP HTML5TargetPlatform
[2018.04.12-15.27.47:179][  0]LogTemp:Display: Loaded TP IOSTargetPlatform
[2018.04.12-15.27.47:235][  0]LogTemp:Display: Loaded TP TVOSTargetPlatform
[2018.04.12-15.27.47:337][  0]LogTemp:Display: Loaded TP LinuxClientTargetPlatform
[2018.04.12-15.27.47:469][  0]LogTemp:Display: Loaded TP LinuxNoEditorTargetPlatform
[2018.04.12-15.27.47:571][  0]LogTemp:Display: Loaded TP LinuxServerTargetPlatform
[2018.04.12-15.27.47:682][  0]LogTemp:Display: Loaded TP LinuxTargetPlatform
[2018.04.12-15.27.47:682][  0]LogTargetPlatformManager:Display: Building Assets For Windows
[2018.04.12-15.27.48:657][  0]LogDerivedDataCache:Display: Max Cache Size: 512 MB
[2018.04.12-15.27.48:824][  0]LogDerivedDataCache: Loaded boot cache 0.17s 90MB C:/Users/tomje/AppData/Local/UnrealEngine/4.16/DerivedDataCache/Boot.ddc.
[2018.04.12-15.27.48:824][  0]LogDerivedDataCache:Display: Loaded Boot cache: C:/Users/tomje/AppData/Local/UnrealEngine/4.16/DerivedDataCache/Boot.ddc
[2018.04.12-15.27.48:825][  0]LogDerivedDataCache: FDerivedDataBackendGraph:  Pak pak cache file G:/Sem2/FSM/DerivedDataCache/DDC.ddp not found, will not use a pak cache.
[2018.04.12-15.27.48:825][  0]LogDerivedDataCache: Unable to find inner node Pak for hierarchical cache Hierarchy.
[2018.04.12-15.27.48:825][  0]LogDerivedDataCache: FDerivedDataBackendGraph:  CompressedPak pak cache file G:/Sem2/FSM/DerivedDataCache/Compressed.ddp not found, will not use a pak cache.
[2018.04.12-15.27.48:825][  0]LogDerivedDataCache: Unable to find inner node CompressedPak for hierarchical cache Hierarchy.
[2018.04.12-15.27.48:860][  0]LogDerivedDataCache:Display: Pak cache opened for reading ../../../Engine/DerivedDataCache/Compressed.ddp.
[2018.04.12-15.27.48:873][  0]LogDerivedDataCache: Using Local data cache path C:/Users/tomje/AppData/Local/UnrealEngine/Common/DerivedDataCache: Writable
[2018.04.12-15.27.48:895][  0]LogMaterial: Verifying Global Shaders for PCD3D_SM5
[2018.04.12-15.27.48:895][  0]LogSlate: Using Freetype 2.6.0
[2018.04.12-15.27.48:898][  0]LogSlate: SlateFontCache - WITH_FREETYPE: 1, WITH_HARFBUZZ: 1
[2018.04.12-15.27.48:898][  0]LogSlate: SlateFontCache - WITH_FREETYPE: 1, WITH_HARFBUZZ: 1
[2018.04.12-15.27.49:877][  0]LogInit: Selected Device Profile: [Windows]
[2018.04.12-15.27.50:020][  0]LogContentStreaming: Texture pool size is 0.00 MB
[2018.04.12-15.27.50:367][  0]LogMeshUtilities: Using QuadricMeshReduction for automatic static mesh reduction
[2018.04.12-15.27.50:460][  0]LogSimplygon: Simplygon DLL not present - disabling.
[2018.04.12-15.27.50:571][  0]LogMeshUtilities: Using SimplygonSwarm for distributed automatic mesh merging
[2018.04.12-15.27.50:571][  0]LogMeshUtilities: No automatic skeletal mesh reduction module available
[2018.04.12-15.27.50:571][  0]LogMeshUtilities: No automatic mesh merging module available
[2018.04.12-15.27.51:766][  0]LogNetVersion: FSM , NetCL: 3452394, EngineNetVer: 2, GameNetVer: 0 (Checksum: 1827352684)
[2018.04.12-15.27.51:864][  0]LogAssetRegistry: FAssetRegistry took 0.0337 seconds to start up
[2018.04.12-15.27.52:488][  0]LogPackageLocalizationCache: Processed 4 localized package path(s) for 2 prioritized culture(s) in 0.585196 seconds
[2018.04.12-15.27.52:499][  0]LogUObjectArray: 34194 objects as part of root set at end of initial load.
[2018.04.12-15.27.52:499][  0]LogUObjectAllocator: 7260416 out of 0 bytes used by permanent object pool.
[2018.04.12-15.27.52:499][  0]LogUObjectArray: CloseDisregardForGC: 0/0 objects in disregard for GC pool
[2018.04.12-15.27.52:617][  0]LogInit: WinSock: version 1.1 (2.2), MaxSocks=32767, MaxUdp=65467
[2018.04.12-15.27.58:296][  0]LogTcpMessaging: Initializing TcpMessaging bridge
[2018.04.12-15.27.58:373][  0]LogUdpMessaging: Initializing bridge on interface 0.0.0.0:0 to multicast group 230.0.0.1:6666.
[2018.04.12-15.27.59:596][  0]LogMaterial: Uniform references updated for custom material expression Custom.
[2018.04.12-15.28.00:555][  0]SourceControl: Info Source control is disabled
[2018.04.12-15.28.00:689][  0]SourceControl: Info Source control is disabled
[2018.04.12-15.28.00:801][  0]SourceControl: Info Source control is disabled
[2018.04.12-15.28.00:913][  0]SourceControl: Info Source control is disabled
[2018.04.12-15.28.01:487][  0]LogLinker:Warning: Can't find file '/Game/RollingCPP/RollingOverview'
[2018.04.12-15.28.01:487][  0]LogLinker:Warning: Can't find file '/Game/RollingCPP/RollingOverview'
[2018.04.12-15.28.01:487][  0]LogUObjectGlobals:Warning: Failed to find object 'Class /Game/RollingCPP/RollingOverview.RollingOverview_C'
[2018.04.12-15.28.02:477][  0]LogAndroidPermission: UAndroidPermissionCallbackProxy::GetInstance
[2018.04.12-15.28.03:822][  0]LogEngine: Initializing Engine...
[2018.04.12-15.28.03:824][  0]LogHMD: Failed to initialize OpenVR with code 100
[2018.04.12-15.28.04:220][  0]LogStats: UGameplayTagsManager::ConstructGameplayTagTree: Construct from data asset -  0.000 s
[2018.04.12-15.28.04:220][  0]LogStats: UGameplayTagsManager::ConstructGameplayTagTree: GameplayTagTreeChangedEvent.Broadcast -  0.000 s
[2018.04.12-15.28.04:485][  0]LogAIModule: Creating AISystem for world Untitled
[2018.04.12-15.28.04:527][  0]LogInit: XAudio2 using 'Speakers (Realtek High Definition Audio)' : 6 channels at 48 kHz using 32 bits per sample (channel mask 0x3f)
[2018.04.12-15.28.04:760][  0]LogInit: FAudioDevice initialized.
[2018.04.12-15.28.04:852][  0]LogDerivedDataCache: Saved boot cache 0.09s 90MB C:/Users/tomje/AppData/Local/UnrealEngine/4.16/DerivedDataCache/Boot.ddc.
[2018.04.12-15.28.04:868][  0]LogInit: Texture streaming: Enabled
[2018.04.12-15.28.05:038][  0]LogEngineSessionManager: EngineSessionManager initialized
[2018.04.12-15.28.05:514][  0]LogInit: Transaction tracking system initialized
[2018.04.12-15.28.06:194][  0]BlueprintLog: New page: Editor Load
[2018.04.12-15.28.08:330][  0]LocalizationService: Info Localization service is disabled
[2018.04.12-15.28.09:866][  0]LogConsoleResponse:Display: 
[2018.04.12-15.28.10:207][  0]LogCook:Display: Max memory allowance for cook 16384mb min free memory 0mb
[2018.04.12-15.28.10:207][  0]LogCook:Display: Mobile HDR setting 1
[2018.04.12-15.28.10:540][  0]LogFileCache: Scanning file cache for directory 'G:/Sem2/FSM/Content/' took 0.04s
[2018.04.12-15.28.12:497][  0]SourceControl: Info Source control is disabled
[2018.04.12-15.28.12:497][  0]Cmd: MAP LOAD FILE="../../../Engine/Content/Maps/Templates/Template_Default.umap" TEMPLATE=1 SHOWPROGRESS=1 FEATURELEVEL=3
[2018.04.12-15.28.12:498][  0]LightingResults: New page: Lighting Build
[2018.04.12-15.28.12:585][  0]MapCheck: New page: Map Check
[2018.04.12-15.28.12:585][  0]LightingResults: New page: Lighting Build
[2018.04.12-15.28.13:010][  0]LogAIModule: Creating AISystem for world Untitled_1
[2018.04.12-15.28.13:013][  0]LogActorComponent: RegisterComponentWithWorld: (/Temp/Untitled_1.Untitled_1:PersistentLevel.WorldSettings_1.StaticMeshComponent0) Trying to register component with IsPendingKill() == true. Aborting.
[2018.04.12-15.28.13:023][  0]LogEditorServer: Finished looking for orphan Actors (0.000 secs)
[2018.04.12-15.28.13:062][  0]Cmd: MAP CHECKDEP NOCLEARLOG
[2018.04.12-15.28.13:228][  0]MapCheck: Info Map check complete: 0 Error(s), 0 Warning(s), took 166.385ms to complete.
[2018.04.12-15.28.13:229][  0]LogFileHelpers: Loading map 'Template_Default' took 0.732
[2018.04.12-15.28.13:468][  0]LogCollectionManager: Loaded 0 collections in 0.003055 seconds
[2018.04.12-15.28.13:761][  0]LogFileCache: Scanning file cache for directory 'G:/Sem2/FSM/Saved/Collections/' took 0.01s
[2018.04.12-15.28.13:761][  0]LogFileCache: Scanning file cache for directory 'G:/Sem2/FSM/Content/Developers/tomje/Collections/' took 0.01s
[2018.04.12-15.28.13:761][  0]LogFileCache: Scanning file cache for directory 'G:/Sem2/FSM/Content/Collections/' took 0.00s
[2018.04.12-15.28.13:761][  0]LogCollectionManager: Rebuilt the GUID cache for 0 collections in 0.000003 seconds
[2018.04.12-15.28.13:780][  0]LogContentBrowser: Native class hierarchy populated in 0.0190 seconds. Added 2329 classes and 491 folders.
[2018.04.12-15.28.13:916][  0]LogContentBrowser: Native class hierarchy updated for 'WidgetCarousel' in 0.0011 seconds. Added 0 classes and 0 folders.
[2018.04.12-15.28.14:118][  0]LogContentBrowser: Native class hierarchy updated for 'AddContentDialog' in 0.0010 seconds. Added 0 classes and 0 folders.
[2018.04.12-15.28.14:226][  0]LogContentBrowser: Native class hierarchy updated for 'SceneOutliner' in 0.0019 seconds. Added 1 classes and 2 folders.
[2018.04.12-15.28.14:394][  0]LogCrashTracker: Crashtracker disabled due to settings.
[2018.04.12-15.28.14:411][  0]LogSlate: Took 0.000582 seconds to synchronously load lazily loaded font '../../../Engine/Content/Slate/Fonts/Roboto-Regular.ttf' (155K)
[2018.04.12-15.28.14:417][  0]LogSlate: Took 0.000533 seconds to synchronously load lazily loaded font '../../../Engine/Content/Slate/Fonts/Roboto-Bold.ttf' (160K)
[2018.04.12-15.28.14:433][  0]LogSlate: Took 0.000538 seconds to synchronously load lazily loaded font '../../../Engine/Content/Editor/Slate/Fonts/FontAwesome.ttf' (139K)
[2018.04.12-15.28.14:634][  0]LogRenderer: Reallocating scene render targets to support 904x436 NumSamples 1 (Frame:1).
[2018.04.12-15.28.14:810][  0]LogUObjectGlobals:Warning: Failed to find object 'Class None.'
[2018.04.12-15.28.14:928][  0]LogContentBrowser: Native class hierarchy updated for 'HierarchicalLODOutliner' in 0.0010 seconds. Added 1 classes and 2 folders.
[2018.04.12-15.28.14:929][  0]LogLoad: (Engine Initialization) Total time: 43.25 seconds
[2018.04.12-15.28.14:929][  0]LogLoad: (Engine Initialization) Total Blueprint compile time: 0.20 seconds
[2018.04.12-15.28.14:929][  0]LogExternalProfiler: Found external profiler: VSPerf
[2018.04.12-15.28.14:929][  0]LogExternalProfiler: Using external profiler: VSPerf
[2018.04.12-15.28.15:269][  0]LogOcInput: OculusInput pre-init called
[2018.04.12-15.28.15:269][  0]LogHMD: Starting GearVRController plugin
[2018.04.12-15.28.15:299][  0]LogContentStreaming: Texture pool size now 1000 MB
[2018.04.12-15.28.15:616][  1]LogAssetRegistry: Asset discovery search completed in 23.7757 seconds
[2018.04.12-15.28.15:620][  1]LogCollectionManager: Rebuilt the object cache for 0 collections in 0.000000 seconds (found 0 objects)
[2018.04.12-15.28.15:620][  1]LogCollectionManager: Fixed up redirectors for 0 collections in 0.000068 seconds (updated 0 objects)
[2018.04.12-15.28.34:890][582]LogTemp: Repeting last play command: Selected Viewport
[2018.04.12-15.28.35:139][582]LogPlayLevel: PlayLevel: No blueprints needed recompiling
[2018.04.12-15.28.35:139][582]PIE: New page: PIE session: Untitled_1 (12 Apr 2018 17:28:35)
[2018.04.12-15.28.35:140][582]LogPlayLevel: Creating play world package: /Temp/UEDPIE_0_Untitled_1
[2018.04.12-15.28.35:142][582]LogPlayLevel: PIE: StaticDuplicateObject took: (0.002397s)
[2018.04.12-15.28.35:143][582]LogAIModule: Creating AISystem for world Untitled_1
[2018.04.12-15.28.35:143][582]LogPlayLevel: PIE: World Init took: (0.001416s)
[2018.04.12-15.28.35:144][582]LogPlayLevel: PIE: Created PIE world by copying editor world from /Temp/Untitled_1.Untitled_1 to /Temp/UEDPIE_0_Untitled_1.Untitled_1 (0.004251s)
[2018.04.12-15.28.35:193][582]LogInit: XAudio2 using 'Speakers (Realtek High Definition Audio)' : 6 channels at 48 kHz using 32 bits per sample (channel mask 0x3f)
[2018.04.12-15.28.35:400][582]LogInit: FAudioDevice initialized.
[2018.04.12-15.28.35:450][582]LogLoad: Game class is 'GameModeBase'
[2018.04.12-15.28.35:455][582]LogWorld: Bringing World /Temp/UEDPIE_0_Untitled_1.Untitled_1 up for play (max tick rate 60) at 2018.04.12-16.28.35
[2018.04.12-15.28.35:455][582]LogWorld: Bringing up level for play took: 0.001573
[2018.04.12-15.28.35:536][582]LogContentBrowser: Native class hierarchy updated for 'MovieSceneCapture' in 0.0013 seconds. Added 11 classes and 0 folders.
[2018.04.12-15.28.35:538][582]PIE: Info Play in editor start time for /Temp/UEDPIE_0_Untitled_1 0.895
[2018.04.12-15.28.39:907][783]LogWindowsTextInputMethodSystem:Display: IME system now deactivated.
[2018.04.12-15.28.40:426][784]Cmd: QUIT_EDITOR
[2018.04.12-15.28.41:443][784]LogExit: Preparing to exit.
[2018.04.12-15.28.42:651][784]LogExit: Editor shut down
[2018.04.12-15.28.42:655][784]LogExit: Transaction tracking system shut down
[2018.04.12-15.28.42:796][784]LogObj: Freed 0b from 0 cluster array pools.
[2018.04.12-15.28.42:796][784]LogExit: Object subsystem successfully closed.
[2018.04.12-15.28.42:821][784]LogD3D11RHI: Shutdown
[2018.04.12-15.28.42:821][784]LogD3D11RHI: CleanupD3DDevice
[2018.04.12-15.28.42:950][784]LogD3D11RHI: ~FD3D11DynamicRHI
[2018.04.12-15.28.42:993][784]LogModuleManager: Shutting down and abandoning module MovieSceneCapture (526)
[2018.04.12-15.28.42:993][784]LogModuleManager: Shutting down and abandoning module HierarchicalLODOutliner (524)
[2018.04.12-15.28.42:993][784]LogModuleManager: Shutting down and abandoning module CrashTracker (522)
[2018.04.12-15.28.42:993][784]LogModuleManager: Shutting down and abandoning module SceneOutliner (520)
[2018.04.12-15.28.42:993][784]LogModuleManager: Shutting down and abandoning module AddContentDialog (518)
[2018.04.12-15.28.42:993][784]LogDirectoryWatcher: A directory notification for 'D:/Unreal/UE_4.16/FeaturePacks/' was aborted.
[2018.04.12-15.28.42:994][784]LogModuleManager: Shutting down and abandoning module WidgetCarousel (517)
[2018.04.12-15.28.42:994][784]LogModuleManager: Shutting down and abandoning module EditorWidgets (514)
[2018.04.12-15.28.42:994][784]LogModuleManager: Shutting down and abandoning module CollectionManager (512)
[2018.04.12-15.28.42:994][784]LogDirectoryWatcher: A directory notification for 'G:/Sem2/FSM/Content/Collections/' was aborted.
[2018.04.12-15.28.42:994][784]LogDirectoryWatcher: A directory notification for 'G:/Sem2/FSM/Content/Developers/tomje/Collections/' was aborted.
[2018.04.12-15.28.42:996][784]LogDirectoryWatcher: A directory notification for 'G:/Sem2/FSM/Saved/Collections/' was aborted.
[2018.04.12-15.28.42:996][784]LogModuleManager: Shutting down and abandoning module StatsViewer (510)
[2018.04.12-15.28.42:996][784]LogModuleManager: Shutting down and abandoning module FoliageEdit (508)
[2018.04.12-15.28.42:996][784]LogModuleManager: Shutting down and abandoning module LandscapeEditor (506)
[2018.04.12-15.28.42:996][784]LogModuleManager: Shutting down and abandoning module MeshPaintMode (504)
[2018.04.12-15.28.42:996][784]LogModuleManager: Shutting down and abandoning module SceneDepthPickerMode (502)
[2018.04.12-15.28.42:996][784]LogModuleManager: Shutting down and abandoning module ActorPickerMode (500)
[2018.04.12-15.28.42:996][784]LogModuleManager: Shutting down and abandoning module GeometryMode (498)
[2018.04.12-15.28.42:996][784]LogModuleManager: Shutting down and abandoning module TextureAlignMode (496)
[2018.04.12-15.28.42:996][784]LogModuleManager: Shutting down and abandoning module BspMode (494)
[2018.04.12-15.28.42:996][784]LogModuleManager: Shutting down and abandoning module HardwareSurvey (492)
[2018.04.12-15.28.42:996][784]LogModuleManager: Shutting down and abandoning module SequenceRecorderSections (490)
[2018.04.12-15.28.42:996][784]LogModuleManager: Shutting down and abandoning module AutomationWorker (488)
[2018.04.12-15.28.42:996][784]LogModuleManager: Shutting down and abandoning module MatineeToLevelSequence (486)
[2018.04.12-15.28.42:996][784]LogModuleManager: Shutting down and abandoning module LevelSequenceEditor (484)
[2018.04.12-15.28.42:997][784]LogModuleManager: Shutting down and abandoning module PlacementMode (483)
[2018.04.12-15.28.42:997][784]LogModuleManager: Shutting down and abandoning module WmfMediaFactory (480)
[2018.04.12-15.28.42:997][784]LogModuleManager: Shutting down and abandoning module WmfMediaEditor (478)
[2018.04.12-15.28.42:997][784]LogModuleManager: Shutting down and abandoning module AvfMediaFactory (476)
[2018.04.12-15.28.42:997][784]LogModuleManager: Shutting down and abandoning module AvfMediaEditor (474)
[2018.04.12-15.28.42:997][784]LogModuleManager: Shutting down and abandoning module AndroidMediaFactory (472)
[2018.04.12-15.28.42:997][784]LogModuleManager: Shutting down and abandoning module Media (471)
[2018.04.12-15.28.42:997][784]LogModuleManager: Shutting down and abandoning module AndroidMediaEditor (468)
[2018.04.12-15.28.42:997][784]LogModuleManager: Shutting down and abandoning module CharacterAI (466)
[2018.04.12-15.28.42:997][784]LogModuleManager: Shutting down and abandoning module AudioCapture (464)
[2018.04.12-15.28.42:997][784]LogModuleManager: Shutting down and abandoning module SequenceRecorder (463)
[2018.04.12-15.28.42:997][784]LogModuleManager: Shutting down and abandoning module SmartSnapping (460)
[2018.04.12-15.28.42:997][784]LogModuleManager: Shutting down and abandoning module SessionServices (458)
[2018.04.12-15.28.42:997][784]LogModuleManager: Shutting down and abandoning module ViewportSnapping (456)
[2018.04.12-15.28.42:997][784]LogModuleManager: Shutting down and abandoning module ViewportInteraction (454)
[2018.04.12-15.28.42:997][784]LogModuleManager: Shutting down and abandoning module ClothPainter (452)
[2018.04.12-15.28.42:997][784]LogModuleManager: Shutting down and abandoning module LogVisualizer (450)
[2018.04.12-15.28.42:997][784]LogModuleManager: Shutting down and abandoning module IntroTutorials (448)
[2018.04.12-15.28.42:997][784]LogModuleManager: Shutting down and abandoning module GameProjectGeneration (447)
[2018.04.12-15.28.42:997][784]LogModuleManager: Shutting down and abandoning module EditorLiveStreaming (444)
[2018.04.12-15.28.42:997][784]LogModuleManager: Shutting down and abandoning module IOSPlatformEditor (442)
[2018.04.12-15.28.42:997][784]LogModuleManager: Shutting down and abandoning module HTML5PlatformEditor (440)
[2018.04.12-15.28.42:997][784]LogModuleManager: Shutting down and abandoning module AndroidPlatformEditor (438)
[2018.04.12-15.28.42:997][784]LogModuleManager: Shutting down and abandoning module AndroidDeviceDetection (437)
[2018.04.12-15.28.43:080][784]LogModuleManager: Shutting down and abandoning module IOSRuntimeSettings (434)
[2018.04.12-15.28.43:080][784]LogModuleManager: Shutting down and abandoning module AndroidRuntimeSettings (432)
[2018.04.12-15.28.43:080][784]LogModuleManager: Shutting down and abandoning module InputBindingEditor (430)
[2018.04.12-15.28.43:080][784]LogModuleManager: Shutting down and abandoning module MergeActors (428)
[2018.04.12-15.28.43:080][784]LogModuleManager: Shutting down and abandoning module SizeMap (426)
[2018.04.12-15.28.43:080][784]LogModuleManager: Shutting down and abandoning module TreeMap (424)
[2018.04.12-15.28.43:080][784]LogModuleManager: Shutting down and abandoning module ReferenceViewer (422)
[2018.04.12-15.28.43:080][784]LogModuleManager: Shutting down and abandoning module LocalizationDashboard (420)
[2018.04.12-15.28.43:080][784]LogModuleManager: Shutting down and abandoning module LocalizationService (419)
[2018.04.12-15.28.43:080][784]LogModuleManager: Shutting down and abandoning module HardwareTargeting (416)
[2018.04.12-15.28.43:080][784]LogModuleManager: Shutting down and abandoning module DeviceProfileEditor (414)
[2018.04.12-15.28.43:080][784]LogModuleManager: Shutting down and abandoning module UndoHistory (412)
[2018.04.12-15.28.43:080][784]LogModuleManager: Shutting down and abandoning module UserFeedback (410)
[2018.04.12-15.28.43:080][784]LogModuleManager: Shutting down and abandoning module XmlParser (408)
[2018.04.12-15.28.43:080][784]LogModuleManager: Shutting down and abandoning module Blutility (406)
[2018.04.12-15.28.43:080][784]LogModuleManager: Shutting down and abandoning module ProjectSettingsViewer (404)
[2018.04.12-15.28.43:080][784]LogModuleManager: Shutting down and abandoning module ProjectTargetPlatformEditor (403)
[2018.04.12-15.28.43:080][784]LogModuleManager: Shutting down and abandoning module EditorSettingsViewer (400)
[2018.04.12-15.28.43:081][784]LogModuleManager: Shutting down and abandoning module SettingsEditor (398)
[2018.04.12-15.28.43:081][784]LogModuleManager: Shutting down and abandoning module ProjectLauncher (396)
[2018.04.12-15.28.43:081][784]LogModuleManager: Shutting down and abandoning module SessionFrontend (394)
[2018.04.12-15.28.43:081][784]LogModuleManager: Shutting down and abandoning module ProfilerClient (392)
[2018.04.12-15.28.43:081][784]LogModuleManager: Shutting down and abandoning module DeviceManager (390)
[2018.04.12-15.28.43:081][784]LogModuleManager: Shutting down and abandoning module TargetDeviceServices (389)
[2018.04.12-15.28.43:145][784]LogModuleManager: Shutting down and abandoning module AutomationController (386)
[2018.04.12-15.28.43:145][784]LogModuleManager: Shutting down and abandoning module AutomationWindow (384)
[2018.04.12-15.28.43:145][784]LogModuleManager: Shutting down and abandoning module Layers (382)
[2018.04.12-15.28.43:145][784]LogModuleManager: Shutting down and abandoning module ComponentVisualizers (380)
[2018.04.12-15.28.43:145][784]LogModuleManager: Shutting down and abandoning module DetailCustomizations (378)
[2018.04.12-15.28.43:145][784]LogModuleManager: Shutting down and abandoning module PackagesDialog (376)
[2018.04.12-15.28.43:145][784]LogModuleManager: Shutting down and abandoning module Persona (374)
[2018.04.12-15.28.43:145][784]LogModuleManager: Shutting down and abandoning module AdvancedPreviewScene (373)
[2018.04.12-15.28.43:145][784]LogModuleManager: Shutting down and abandoning module AnimGraph (371)
[2018.04.12-15.28.43:145][784]LogModuleManager: Shutting down and abandoning module Kismet (368)
[2018.04.12-15.28.43:146][784]LogModuleManager: Shutting down and abandoning module ClassViewer (366)
[2018.04.12-15.28.43:146][784]LogModuleManager: Shutting down and abandoning module Toolbox (364)
[2018.04.12-15.28.43:146][784]LogModuleManager: Shutting down and abandoning module ModuleUI (362)
[2018.04.12-15.28.43:146][784]LogModuleManager: Shutting down and abandoning module MovieSceneTools (360)
[2018.04.12-15.28.43:146][784]LogModuleManager: Shutting down and abandoning module OutputLog (358)
[2018.04.12-15.28.43:146][784]LogModuleManager: Shutting down and abandoning module GammaUI (356)
[2018.04.12-15.28.43:146][784]LogModuleManager: Shutting down and abandoning module Documentation (354)
[2018.04.12-15.28.43:146][784]LogModuleManager: Shutting down and abandoning module MovieSceneTracks (352)
[2018.04.12-15.28.43:146][784]LogModuleManager: Shutting down and abandoning module MovieScene (350)
[2018.04.12-15.28.43:146][784]LogModuleManager: Shutting down and abandoning module Niagara (348)
[2018.04.12-15.28.43:146][784]LogModuleManager: Shutting down and abandoning module NiagaraEditor (347)
[2018.04.12-15.28.43:146][784]LogModuleManager: Shutting down and abandoning module StreamingPauseRendering (344)
[2018.04.12-15.28.43:146][784]LogModuleManager: Shutting down and abandoning module AnalyticsET (342)
[2018.04.12-15.28.43:146][784]LogModuleManager: Shutting down and abandoning module PortalServices (340)
[2018.04.12-15.28.43:146][784]LogModuleManager: Shutting down and abandoning module PortalRpc (338)
[2018.04.12-15.28.43:146][784]LogModuleManager: Shutting down and abandoning module MessagingRpc (336)
[2018.04.12-15.28.43:146][784]LogModuleManager: Shutting down and abandoning module AIModule (334)
[2018.04.12-15.28.43:146][784]LogModuleManager: Shutting down and abandoning module GameplayDebugger (333)
[2018.04.12-15.28.43:146][784]LogModuleManager: Shutting down and abandoning module AITestSuite (331)
[2018.04.12-15.28.43:146][784]LogModuleManager: Shutting down and abandoning module ProfilerService (328)
[2018.04.12-15.28.43:289][784]LogModuleManager: Shutting down and abandoning module TaskGraph (326)
[2018.04.12-15.28.43:289][784]LogModuleManager: Shutting down and abandoning module SteamVRController (324)
[2018.04.12-15.28.43:289][784]LogModuleManager: Shutting down and abandoning module SteamVR (322)
[2018.04.12-15.28.43:289][784]LogModuleManager: Shutting down and abandoning module ProceduralMeshComponentEditor (320)
[2018.04.12-15.28.43:289][784]LogModuleManager: Shutting down and abandoning module ProceduralMeshComponent (318)
[2018.04.12-15.28.43:289][784]LogModuleManager: Shutting down and abandoning module OculusLibrary (316)
[2018.04.12-15.28.43:289][784]LogModuleManager: Shutting down and abandoning module OculusInput (314)
[2018.04.12-15.28.43:289][784]LogModuleManager: Shutting down and abandoning module MobilePatchingUtils (312)
[2018.04.12-15.28.43:289][784]LogModuleManager: Shutting down and abandoning module CustomMeshComponent (310)
[2018.04.12-15.28.43:289][784]LogModuleManager: Shutting down and abandoning module CableComponent (308)
[2018.04.12-15.28.43:289][784]LogModuleManager: Shutting down and abandoning module ArchVisCharacter (306)
[2018.04.12-15.28.43:289][784]LogModuleManager: Shutting down and abandoning module AndroidPermission (304)
[2018.04.12-15.28.43:289][784]LogModuleManager: Shutting down and abandoning module MediaPlayerEditor (300)
[2018.04.12-15.28.43:289][784]LogModuleManager: Shutting down and abandoning module HTML5Networking (298)
[2018.04.12-15.28.43:289][784]LogModuleManager: Shutting down and abandoning module AlembicImporter (296)
[2018.04.12-15.28.43:289][784]LogModuleManager: Shutting down and abandoning module AlembicLibrary (295)
[2018.04.12-15.28.43:289][784]LogModuleManager: Shutting down and abandoning module GeometryCache (294)
[2018.04.12-15.28.43:289][784]LogModuleManager: Shutting down and abandoning module GeometryCacheEd (293)
[2018.04.12-15.28.43:289][784]LogModuleManager: Shutting down and abandoning module SuperSearchEditor (288)
[2018.04.12-15.28.43:289][784]LogModuleManager: Shutting down and abandoning module SuperSearch (287)
[2018.04.12-15.28.43:289][784]LogModuleManager: Shutting down and abandoning module SpeedTreeImporter (284)
[2018.04.12-15.28.43:289][784]LogModuleManager: Shutting down and abandoning module PluginBrowser (282)
[2018.04.12-15.28.43:290][784]LogModuleManager: Shutting down and abandoning module MobileLauncherProfileWizard (280)
[2018.04.12-15.28.43:290][784]LogModuleManager: Shutting down and abandoning module VisualStudioSourceCodeAccess (278)
[2018.04.12-15.28.43:290][784]LogModuleManager: Shutting down and abandoning module DesktopPlatform (277)
[2018.04.12-15.28.43:290][784]LogModuleManager: Shutting down and abandoning module UObjectPlugin (274)
[2018.04.12-15.28.43:290][784]LogModuleManager: Shutting down and abandoning module SubversionSourceControl (272)
[2018.04.12-15.28.43:290][784]LogModuleManager: Shutting down and abandoning module PerforceSourceControl (270)
[2018.04.12-15.28.43:290][784]LogModuleManager: Shutting down and abandoning module GitSourceControl (268)
[2018.04.12-15.28.43:290][784]LogModuleManager: Shutting down and abandoning module SourceControl (267)
[2018.04.12-15.28.43:290][784]LogModuleManager: Shutting down and abandoning module LightPropagationVolumeEditor (264)
[2018.04.12-15.28.43:290][784]LogModuleManager: Shutting down and abandoning module PaperTiledImporter (262)
[2018.04.12-15.28.43:290][784]LogModuleManager: Shutting down and abandoning module PaperSpriteSheetImporter (260)
[2018.04.12-15.28.43:290][784]LogModuleManager: Shutting down and abandoning module Paper2DEditor (258)
[2018.04.12-15.28.43:290][784]LogModuleManager: Shutting down and abandoning module MeshPaint (257)
[2018.04.12-15.28.43:290][784]LogModuleManager: Shutting down and abandoning module LevelEditor (255)
[2018.04.12-15.28.43:291][784]LogModuleManager: Shutting down and abandoning module PixelInspectorModule (254)
[2018.04.12-15.28.43:291][784]LogModuleManager: Shutting down and abandoning module MainFrame (252)
[2018.04.12-15.28.43:291][784]LogModuleManager: Shutting down and abandoning module HotReload (251)
[2018.04.12-15.28.43:292][784]LogModuleManager: Shutting down and abandoning module PhysXVehiclesEditor (246)
[2018.04.12-15.28.43:292][784]LogModuleManager: Shutting down and abandoning module PhysXVehicles (244)
[2018.04.12-15.28.43:292][784]LogModuleManager: Shutting down and abandoning module LocationServicesBPLibrary (242)
[2018.04.12-15.28.43:292][784]LogModuleManager: Shutting down and abandoning module ImmediatePhysicsEditor (240)
[2018.04.12-15.28.43:292][784]LogModuleManager: Shutting down and abandoning module ImmediatePhysics (238)
[2018.04.12-15.28.43:292][784]LogModuleManager: Shutting down and abandoning module UdpMessaging (236)
[2018.04.12-15.28.43:393][784]LogModuleManager: Shutting down and abandoning module TcpMessaging (234)
[2018.04.12-15.28.43:493][784]LogModuleManager: Shutting down and abandoning module GameplayTagsEditor (232)
[2018.04.12-15.28.43:493][784]LogModuleManager: Shutting down and abandoning module FacialAnimationEditor (230)
[2018.04.12-15.28.43:493][784]LogModuleManager: Shutting down and abandoning module FacialAnimation (228)
[2018.04.12-15.28.43:493][784]LogModuleManager: Shutting down and abandoning module AssetManagerEditor (226)
[2018.04.12-15.28.43:493][784]LogModuleManager: Shutting down and abandoning module GraphEditor (225)
[2018.04.12-15.28.43:493][784]LogModuleManager: Shutting down and abandoning module ContentBrowser (223)
[2018.04.12-15.28.43:495][784]LogModuleManager: Shutting down and abandoning module LightPropagationVolumeRuntime (220)
[2018.04.12-15.28.43:495][784]LogModuleManager: Shutting down and abandoning module Paper2D (218)
[2018.04.12-15.28.43:495][784]LogModuleManager: Shutting down and abandoning module WindowsMoviePlayer (216)
[2018.04.12-15.28.43:495][784]LogModuleManager: Shutting down and abandoning module WmfMedia (214)
[2018.04.12-15.28.43:498][784]LogModuleManager: Shutting down and abandoning module ClothingSystemEditor (212)
[2018.04.12-15.28.43:498][784]LogModuleManager: Shutting down and abandoning module ClothingSystemRuntime (210)
[2018.04.12-15.28.43:498][784]LogModuleManager: Shutting down and abandoning module MediaAssets (208)
[2018.04.12-15.28.43:498][784]LogModuleManager: Shutting down and abandoning module GameLiveStreaming (206)
[2018.04.12-15.28.43:498][784]LogModuleManager: Shutting down and abandoning module VREditor (204)
[2018.04.12-15.28.43:498][784]LogModuleManager: Shutting down and abandoning module StringTableEditor (202)
[2018.04.12-15.28.43:498][784]LogModuleManager: Shutting down and abandoning module GameplayTasksEditor (200)
[2018.04.12-15.28.43:498][784]LogModuleManager: Shutting down and abandoning module BehaviorTreeEditor (198)
[2018.04.12-15.28.43:498][784]LogModuleManager: Shutting down and abandoning module FunctionalTesting (196)
[2018.04.12-15.28.43:498][784]LogModuleManager: Shutting down and abandoning module CollisionAnalyzer (194)
[2018.04.12-15.28.43:498][784]LogModuleManager: Shutting down and abandoning module UMG (192)
[2018.04.12-15.28.43:498][784]LogModuleManager: Shutting down and abandoning module UMGEditor (191)
[2018.04.12-15.28.43:498][784]LogModuleManager: Shutting down and abandoning module Sequencer (190)
[2018.04.12-15.28.43:499][784]LogModuleManager: Shutting down and abandoning module AssetTools (188)
[2018.04.12-15.28.43:499][784]LogModuleManager: Shutting down and abandoning module MessageLog (187)
[2018.04.12-15.28.43:499][784]LogModuleManager: Shutting down and abandoning module WorkspaceMenuStructure (186)
[2018.04.12-15.28.43:499][784]LogModuleManager: Shutting down and abandoning module SlateReflector (180)
[2018.04.12-15.28.43:499][784]LogModuleManager: Shutting down and abandoning module Slate (178)
[2018.04.12-15.28.43:499][784]LogModuleManager: Shutting down and abandoning module EditorStyle (176)
[2018.04.12-15.28.43:502][784]LogModuleManager: Shutting down and abandoning module SourceCodeAccess (174)
[2018.04.12-15.28.43:502][784]LogModuleManager: Shutting down and abandoning module HeadMountedDisplay (172)
[2018.04.12-15.28.43:502][784]LogModuleManager: Shutting down and abandoning module XAudio2 (170)
[2018.04.12-15.28.43:502][784]LogModuleManager: Shutting down and abandoning module Networking (168)
[2018.04.12-15.28.43:502][784]LogModuleManager: Shutting down and abandoning module Core (164)
[2018.04.12-15.28.43:502][784]LogModuleManager: Shutting down and abandoning module AssetRegistry (162)
[2018.04.12-15.28.44:130][784]LogDirectoryWatcher: A directory notification for '../../../Engine/Content/' was aborted.
[2018.04.12-15.28.44:130][784]LogDirectoryWatcher: A directory notification for 'G:/Sem2/FSM/Content/' was aborted.
[2018.04.12-15.28.44:130][784]LogDirectoryWatcher: A directory notification for '../../../Engine/Plugins/2D/Paper2D/Content/' was aborted.
[2018.04.12-15.28.44:130][784]LogDirectoryWatcher: A directory notification for '../../../Engine/Plugins/Runtime/GearVR/Content/' was aborted.
[2018.04.12-15.28.44:134][784]LogModuleManager: Shutting down and abandoning module DirectoryWatcher (161)
[2018.04.12-15.28.44:134][784]LogModuleManager: Shutting down and abandoning module KismetCompiler (158)
[2018.04.12-15.28.44:135][784]LogModuleManager: Shutting down and abandoning module LevelSequence (156)
[2018.04.12-15.28.44:135][784]LogModuleManager: Shutting down and abandoning module PhysXFormats (154)
[2018.04.12-15.28.44:135][784]LogModuleManager: Shutting down and abandoning module MeshUtilities (152)
[2018.04.12-15.28.44:135][784]LogModuleManager: Shutting down and abandoning module SimplygonSwarm (151)
[2018.04.12-15.28.44:135][784]LogModuleManager: Shutting down and abandoning module SimplygonMeshReduction (149)
[2018.04.12-15.28.44:135][784]LogModuleManager: Shutting down and abandoning module QuadricMeshReduction (147)
[2018.04.12-15.28.44:135][784]LogModuleManager: Shutting down and abandoning module DerivedDataCache (144)
[2018.04.12-15.28.44:420][784]LogDerivedDataCache: Shutdown
[2018.04.12-15.28.44:420][784]LogModuleManager: Shutting down and abandoning module TargetPlatform (142)
[2018.04.12-15.28.44:420][784]LogModuleManager: Shutting down and abandoning module VulkanShaderFormat (141)
[2018.04.12-15.28.44:420][784]LogModuleManager: Shutting down and abandoning module ShaderFormatVectorVM (139)
[2018.04.12-15.28.44:420][784]LogModuleManager: Shutting down and abandoning module ShaderFormatOpenGL (137)
[2018.04.12-15.28.44:420][784]LogModuleManager: Shutting down and abandoning module ShaderFormatD3D (135)
[2018.04.12-15.28.44:420][784]LogModuleManager: Shutting down and abandoning module MetalShaderFormat (133)
[2018.04.12-15.28.44:420][784]LogModuleManager: Shutting down and abandoning module TextureFormatUncompressed (131)
[2018.04.12-15.28.44:420][784]LogModuleManager: Shutting down and abandoning module TextureFormatPVR (129)
[2018.04.12-15.28.44:420][784]LogModuleManager: Shutting down and abandoning module TextureFormatDXT (127)
[2018.04.12-15.28.44:420][784]LogModuleManager: Shutting down and abandoning module TextureFormatIntelISPCTexComp (125)
[2018.04.12-15.28.44:420][784]LogModuleManager: Shutting down and abandoning module TextureFormatASTC (123)
[2018.04.12-15.28.44:420][784]LogModuleManager: Shutting down and abandoning module ImageWrapper (122)
[2018.04.12-15.28.44:420][784]LogModuleManager: Shutting down and abandoning module TextureFormatAndroid (119)
[2018.04.12-15.28.44:420][784]LogModuleManager: Shutting down and abandoning module AudioFormatOpus (117)
[2018.04.12-15.28.44:420][784]LogModuleManager: Shutting down and abandoning module AudioFormatOgg (115)
[2018.04.12-15.28.44:420][784]LogModuleManager: Shutting down and abandoning module AudioFormatADPCM (113)
[2018.04.12-15.28.44:420][784]LogModuleManager: Shutting down and abandoning module LinuxTargetPlatform (111)
[2018.04.12-15.28.44:420][784]LogModuleManager: Shutting down and abandoning module LinuxServerTargetPlatform (109)
[2018.04.12-15.28.44:420][784]LogModuleManager: Shutting down and abandoning module LinuxNoEditorTargetPlatform (107)
[2018.04.12-15.28.44:420][784]LogModuleManager: Shutting down and abandoning module LinuxClientTargetPlatform (105)
[2018.04.12-15.28.44:420][784]LogModuleManager: Shutting down and abandoning module TVOSTargetPlatform (103)
[2018.04.12-15.28.44:420][784]LogModuleManager: Shutting down and abandoning module Messaging (101)
[2018.04.12-15.28.44:420][784]LogModuleManager: Shutting down and abandoning module IOSTargetPlatform (99)
[2018.04.12-15.28.44:420][784]LogModuleManager: Shutting down and abandoning module HTML5TargetPlatform (97)
[2018.04.12-15.28.44:420][784]LogModuleManager: Shutting down and abandoning module Android_PVRTCTargetPlatform (95)
[2018.04.12-15.28.44:420][784]LogModuleManager: Shutting down and abandoning module Android_MultiTargetPlatform (93)
[2018.04.12-15.28.44:420][784]LogModuleManager: Shutting down and abandoning module Android_ETC2TargetPlatform (91)
[2018.04.12-15.28.44:420][784]LogModuleManager: Shutting down and abandoning module Android_ETC1TargetPlatform (89)
[2018.04.12-15.28.44:420][784]LogModuleManager: Shutting down and abandoning module Android_DXTTargetPlatform (87)
[2018.04.12-15.28.44:420][784]LogModuleManager: Shutting down and abandoning module Android_ATCTargetPlatform (85)
[2018.04.12-15.28.44:420][784]LogModuleManager: Shutting down and abandoning module Android_ASTCTargetPlatform (83)
[2018.04.12-15.28.44:420][784]LogModuleManager: Shutting down and abandoning module AndroidTargetPlatform (81)
[2018.04.12-15.28.44:420][784]LogModuleManager: Shutting down and abandoning module WindowsTargetPlatform (79)
[2018.04.12-15.28.44:421][784]LogModuleManager: Shutting down and abandoning module WindowsServerTargetPlatform (77)
[2018.04.12-15.28.44:421][784]LogModuleManager: Shutting down and abandoning module WindowsNoEditorTargetPlatform (75)
[2018.04.12-15.28.44:421][784]LogModuleManager: Shutting down and abandoning module WindowsClientTargetPlatform (73)
[2018.04.12-15.28.44:421][784]LogModuleManager: Shutting down and abandoning module MacTargetPlatform (71)
[2018.04.12-15.28.44:421][784]LogModuleManager: Shutting down and abandoning module MacServerTargetPlatform (69)
[2018.04.12-15.28.44:421][784]LogModuleManager: Shutting down and abandoning module MacNoEditorTargetPlatform (67)
[2018.04.12-15.28.44:421][784]LogModuleManager: Shutting down and abandoning module MacClientTargetPlatform (65)
[2018.04.12-15.28.44:421][784]LogModuleManager: Shutting down and abandoning module AllDesktopTargetPlatform (63)
[2018.04.12-15.28.44:421][784]LogModuleManager: Shutting down and abandoning module InputCore (60)
[2018.04.12-15.28.44:421][784]LogModuleManager: Shutting down and abandoning module Settings (58)
[2018.04.12-15.28.44:421][784]LogModuleManager: Shutting down and abandoning module OculusRift (56)
[2018.04.12-15.28.44:421][784]LogModuleManager: Shutting down and abandoning module GearVRController (54)
[2018.04.12-15.28.44:421][784]LogModuleManager: Shutting down and abandoning module GearVR (52)
[2018.04.12-15.28.44:421][784]LogModuleManager: Shutting down and abandoning module ExampleDeviceProfileSelector (50)
[2018.04.12-15.28.44:421][784]LogModuleManager: Shutting down and abandoning module OnlineBlueprintSupport (48)
[2018.04.12-15.28.44:421][784]LogModuleManager: Shutting down and abandoning module OnlineSubsystem (44)
[2018.04.12-15.28.44:421][784]LogOnline:Display: Unloading online subsystem: NULL
[2018.04.12-15.28.44:421][784]LogModuleManager: Shutting down and abandoning module XMPP (43)
[2018.04.12-15.28.44:421][784]LogModuleManager: Shutting down and abandoning module HTTP (41)
[2018.04.12-15.28.44:421][784]LogHttp:Display: Http module shutting down, but needs to wait on 1 outstanding Http requests:
[2018.04.12-15.28.44:421][784]LogHttp:Display: 	verb=[POST] url=[https://datarouter.ol.epicgames.com/datarouter/api/v1/public/data?SessionID=%7B444AE593-48E9-B844-65E4-9CAD8BA884B1%7D&AppID=UEEditor.Rocket.Release&AppVersion=4.16.3-3561208%2B%2B%2BUE4%2BRelease-4.16&UserID=60bd872546dd76e5a4f4d6a8fa3b362f%7C55bb19e164c9466fbcadc0b2d9237978%7C3f0bbeaa-0fa8-46e9-9ba5-8effceb3e44e&AppEnvironment=datacollector-binary&UploadType=eteventstream] status=Processing
[2018.04.12-15.28.44:429][784]LogModuleManager: Shutting down and abandoning module SSL (40)
[2018.04.12-15.28.44:432][784]LogModuleManager: Shutting down and abandoning module HTTPChunkInstaller (36)
[2018.04.12-15.28.44:432][784]LogModuleManager: Shutting down and abandoning module AnimationModifiers (34)
[2018.04.12-15.28.44:432][784]LogModuleManager: Shutting down and abandoning module PropertyEditor (33)
[2018.04.12-15.28.44:432][784]LogModuleManager: Shutting down and abandoning module AudioEditor (30)
[2018.04.12-15.28.44:432][784]LogModuleManager: Shutting down and abandoning module TextureCompressor (28)
[2018.04.12-15.28.44:432][784]LogModuleManager: Shutting down and abandoning module ShaderCore (26)
[2018.04.12-15.28.44:432][784]LogModuleManager: Shutting down and abandoning module Landscape (24)
[2018.04.12-15.28.44:432][784]LogModuleManager: Shutting down and abandoning module SlateRHIRenderer (22)
[2018.04.12-15.28.44:433][784]LogModuleManager: Shutting down and abandoning module OpenGLDrv (20)
[2018.04.12-15.28.44:433][784]LogModuleManager: Shutting down and abandoning module D3D11RHI (18)
[2018.04.12-15.28.44:433][784]LogModuleManager: Shutting down and abandoning module AnimGraphRuntime (16)
[2018.04.12-15.28.44:433][784]LogModuleManager: Shutting down and abandoning module Renderer (14)
[2018.04.12-15.28.44:433][784]LogModuleManager: Shutting down and abandoning module Engine (12)
[2018.04.12-15.28.44:433][784]LogModuleManager: Shutting down and abandoning module CoreUObject (10)
[2018.04.12-15.28.44:433][784]LogModuleManager: Shutting down and abandoning module NetworkFile (8)
[2018.04.12-15.28.44:433][784]LogModuleManager: Shutting down and abandoning module StreamingFile (6)
[2018.04.12-15.28.44:433][784]LogModuleManager: Shutting down and abandoning module SandboxFile (4)
[2018.04.12-15.28.44:433][784]LogModuleManager: Shutting down and abandoning module PakFile (2)
[2018.04.12-15.28.44:436][784]LogExit: Exiting.
[2018.04.12-15.28.44:528][784]Log file closed, 04/12/18 16:28:44
